{"C:\\wamp\\www\\trapjs\\src\\Trap.js":{"path":"C:\\wamp\\www\\trapjs\\src\\Trap.js","s":{"1":1,"2":1,"3":1,"4":1,"5":1,"6":1,"7":1,"8":1,"9":1,"10":1,"11":1,"12":6,"13":1,"14":6,"15":2,"16":2,"17":1,"18":1,"19":1,"20":1,"21":0,"22":0,"23":1,"24":2,"25":2,"26":2,"27":1,"28":1,"29":0,"30":0,"31":1,"32":0,"33":0,"34":0,"35":0,"36":0,"37":0,"38":0,"39":1,"40":0,"41":0,"42":1,"43":0,"44":0,"45":1,"46":0,"47":0,"48":1,"49":0,"50":0,"51":1,"52":0,"53":0,"54":1,"55":0,"56":1,"57":0,"58":0,"59":1,"60":1,"61":0,"62":0,"63":1,"64":0,"65":0,"66":1,"67":0,"68":0,"69":0,"70":0,"71":0,"72":1,"73":0,"74":0,"75":0,"76":0,"77":0,"78":1,"79":1,"80":1,"81":1,"82":1,"83":1,"84":0,"85":0,"86":0,"87":0,"88":0,"89":1,"90":1,"91":1},"b":{"1":[1,1],"2":[1,1],"3":[2,1],"4":[0,0],"5":[0,0],"6":[0,0],"7":[0,0],"8":[1,0],"9":[1,1],"10":[1,0],"11":[0,1]},"f":{"1":1,"2":1,"3":1,"4":6,"5":6,"6":2,"7":1,"8":2,"9":0,"10":0,"11":0,"12":0,"13":0,"14":0,"15":0,"16":0,"17":0,"18":0,"19":0,"20":0,"21":0,"22":0,"23":1,"24":1,"25":0},"fnMap":{"1":{"name":"(anonymous_1)","line":4,"loc":{"start":{"line":4,"column":12},"end":{"line":4,"column":24}}},"2":{"name":"Trap","line":5,"loc":{"start":{"line":5,"column":4},"end":{"line":5,"column":20}}},"3":{"name":"(anonymous_3)","line":19,"loc":{"start":{"line":19,"column":51},"end":{"line":19,"column":73}}},"4":{"name":"(anonymous_4)","line":20,"loc":{"start":{"line":20,"column":45},"end":{"line":20,"column":61}}},"5":{"name":"(anonymous_5)","line":21,"loc":{"start":{"line":21,"column":25},"end":{"line":21,"column":41}}},"6":{"name":"(anonymous_6)","line":22,"loc":{"start":{"line":22,"column":25},"end":{"line":22,"column":41}}},"7":{"name":"(anonymous_7)","line":31,"loc":{"start":{"line":31,"column":44},"end":{"line":31,"column":56}}},"8":{"name":"(anonymous_8)","line":37,"loc":{"start":{"line":37,"column":35},"end":{"line":37,"column":55}}},"9":{"name":"(anonymous_9)","line":45,"loc":{"start":{"line":45,"column":32},"end":{"line":45,"column":61}}},"10":{"name":"(anonymous_10)","line":49,"loc":{"start":{"line":49,"column":29},"end":{"line":49,"column":43}}},"11":{"name":"(anonymous_11)","line":63,"loc":{"start":{"line":63,"column":29},"end":{"line":63,"column":49}}},"12":{"name":"(anonymous_12)","line":67,"loc":{"start":{"line":67,"column":32},"end":{"line":67,"column":61}}},"13":{"name":"(anonymous_13)","line":71,"loc":{"start":{"line":71,"column":33},"end":{"line":71,"column":47}}},"14":{"name":"(anonymous_14)","line":75,"loc":{"start":{"line":75,"column":36},"end":{"line":75,"column":50}}},"15":{"name":"(anonymous_15)","line":79,"loc":{"start":{"line":79,"column":39},"end":{"line":79,"column":53}}},"16":{"name":"(anonymous_16)","line":83,"loc":{"start":{"line":83,"column":37},"end":{"line":83,"column":49}}},"17":{"name":"(anonymous_17)","line":86,"loc":{"start":{"line":86,"column":30},"end":{"line":86,"column":44}}},"18":{"name":"(anonymous_18)","line":90,"loc":{"start":{"line":90,"column":37},"end":{"line":90,"column":49}}},"19":{"name":"(anonymous_19)","line":92,"loc":{"start":{"line":92,"column":33},"end":{"line":92,"column":60}}},"20":{"name":"(anonymous_20)","line":96,"loc":{"start":{"line":96,"column":34},"end":{"line":96,"column":63}}},"21":{"name":"(anonymous_21)","line":100,"loc":{"start":{"line":100,"column":31},"end":{"line":100,"column":45}}},"22":{"name":"(anonymous_22)","line":111,"loc":{"start":{"line":111,"column":35},"end":{"line":111,"column":56}}},"23":{"name":"(anonymous_23)","line":122,"loc":{"start":{"line":122,"column":33},"end":{"line":122,"column":57}}},"24":{"name":"(anonymous_24)","line":126,"loc":{"start":{"line":126,"column":50},"end":{"line":126,"column":62}}},"25":{"name":"(anonymous_25)","line":138,"loc":{"start":{"line":138,"column":40},"end":{"line":138,"column":52}}}},"statementMap":{"1":{"start":{"line":2,"column":0},"end":{"line":2,"column":23}},"2":{"start":{"line":3,"column":0},"end":{"line":3,"column":26}},"3":{"start":{"line":4,"column":0},"end":{"line":145,"column":5}},"4":{"start":{"line":5,"column":4},"end":{"line":30,"column":5}},"5":{"start":{"line":6,"column":8},"end":{"line":14,"column":10}},"6":{"start":{"line":15,"column":8},"end":{"line":15,"column":29}},"7":{"start":{"line":16,"column":8},"end":{"line":16,"column":28}},"8":{"start":{"line":17,"column":8},"end":{"line":17,"column":36}},"9":{"start":{"line":18,"column":8},"end":{"line":18,"column":24}},"10":{"start":{"line":19,"column":8},"end":{"line":29,"column":11}},"11":{"start":{"line":20,"column":12},"end":{"line":20,"column":107}},"12":{"start":{"line":20,"column":63},"end":{"line":20,"column":96}},"13":{"start":{"line":21,"column":12},"end":{"line":28,"column":15}},"14":{"start":{"line":21,"column":43},"end":{"line":21,"column":76}},"15":{"start":{"line":23,"column":16},"end":{"line":23,"column":41}},"16":{"start":{"line":24,"column":16},"end":{"line":27,"column":17}},"17":{"start":{"line":25,"column":20},"end":{"line":25,"column":39}},"18":{"start":{"line":26,"column":20},"end":{"line":26,"column":50}},"19":{"start":{"line":31,"column":4},"end":{"line":36,"column":6}},"20":{"start":{"line":32,"column":8},"end":{"line":35,"column":9}},"21":{"start":{"line":33,"column":12},"end":{"line":33,"column":72}},"22":{"start":{"line":34,"column":12},"end":{"line":34,"column":41}},"23":{"start":{"line":37,"column":4},"end":{"line":44,"column":6}},"24":{"start":{"line":39,"column":8},"end":{"line":39,"column":121}},"25":{"start":{"line":40,"column":8},"end":{"line":40,"column":49}},"26":{"start":{"line":41,"column":8},"end":{"line":43,"column":9}},"27":{"start":{"line":42,"column":12},"end":{"line":42,"column":52}},"28":{"start":{"line":45,"column":4},"end":{"line":48,"column":6}},"29":{"start":{"line":46,"column":8},"end":{"line":46,"column":57}},"30":{"start":{"line":47,"column":8},"end":{"line":47,"column":20}},"31":{"start":{"line":49,"column":4},"end":{"line":62,"column":6}},"32":{"start":{"line":50,"column":8},"end":{"line":61,"column":9}},"33":{"start":{"line":51,"column":12},"end":{"line":51,"column":29}},"34":{"start":{"line":52,"column":12},"end":{"line":56,"column":13}},"35":{"start":{"line":53,"column":16},"end":{"line":55,"column":17}},"36":{"start":{"line":54,"column":20},"end":{"line":54,"column":32}},"37":{"start":{"line":57,"column":12},"end":{"line":57,"column":24}},"38":{"start":{"line":60,"column":12},"end":{"line":60,"column":50}},"39":{"start":{"line":63,"column":4},"end":{"line":66,"column":6}},"40":{"start":{"line":64,"column":8},"end":{"line":64,"column":45}},"41":{"start":{"line":65,"column":8},"end":{"line":65,"column":20}},"42":{"start":{"line":67,"column":4},"end":{"line":70,"column":6}},"43":{"start":{"line":68,"column":8},"end":{"line":68,"column":57}},"44":{"start":{"line":69,"column":8},"end":{"line":69,"column":20}},"45":{"start":{"line":71,"column":4},"end":{"line":74,"column":6}},"46":{"start":{"line":72,"column":8},"end":{"line":72,"column":43}},"47":{"start":{"line":73,"column":8},"end":{"line":73,"column":20}},"48":{"start":{"line":75,"column":4},"end":{"line":78,"column":6}},"49":{"start":{"line":76,"column":8},"end":{"line":76,"column":46}},"50":{"start":{"line":77,"column":8},"end":{"line":77,"column":20}},"51":{"start":{"line":79,"column":4},"end":{"line":82,"column":6}},"52":{"start":{"line":80,"column":8},"end":{"line":80,"column":49}},"53":{"start":{"line":81,"column":8},"end":{"line":81,"column":20}},"54":{"start":{"line":83,"column":4},"end":{"line":85,"column":6}},"55":{"start":{"line":84,"column":8},"end":{"line":84,"column":44}},"56":{"start":{"line":86,"column":4},"end":{"line":89,"column":6}},"57":{"start":{"line":87,"column":8},"end":{"line":87,"column":40}},"58":{"start":{"line":88,"column":8},"end":{"line":88,"column":20}},"59":{"start":{"line":90,"column":4},"end":{"line":91,"column":6}},"60":{"start":{"line":92,"column":4},"end":{"line":95,"column":6}},"61":{"start":{"line":93,"column":8},"end":{"line":93,"column":56}},"62":{"start":{"line":94,"column":8},"end":{"line":94,"column":20}},"63":{"start":{"line":96,"column":4},"end":{"line":99,"column":6}},"64":{"start":{"line":97,"column":8},"end":{"line":97,"column":59}},"65":{"start":{"line":98,"column":8},"end":{"line":98,"column":20}},"66":{"start":{"line":100,"column":4},"end":{"line":110,"column":6}},"67":{"start":{"line":101,"column":8},"end":{"line":108,"column":9}},"68":{"start":{"line":102,"column":12},"end":{"line":104,"column":13}},"69":{"start":{"line":103,"column":16},"end":{"line":103,"column":38}},"70":{"start":{"line":107,"column":12},"end":{"line":107,"column":45}},"71":{"start":{"line":109,"column":8},"end":{"line":109,"column":20}},"72":{"start":{"line":111,"column":4},"end":{"line":121,"column":6}},"73":{"start":{"line":112,"column":8},"end":{"line":119,"column":9}},"74":{"start":{"line":113,"column":12},"end":{"line":115,"column":13}},"75":{"start":{"line":114,"column":16},"end":{"line":114,"column":49}},"76":{"start":{"line":118,"column":12},"end":{"line":118,"column":56}},"77":{"start":{"line":120,"column":8},"end":{"line":120,"column":20}},"78":{"start":{"line":122,"column":4},"end":{"line":143,"column":6}},"79":{"start":{"line":123,"column":8},"end":{"line":141,"column":9}},"80":{"start":{"line":124,"column":12},"end":{"line":134,"column":13}},"81":{"start":{"line":125,"column":16},"end":{"line":125,"column":72}},"82":{"start":{"line":126,"column":16},"end":{"line":130,"column":19}},"83":{"start":{"line":127,"column":20},"end":{"line":129,"column":21}},"84":{"start":{"line":128,"column":24},"end":{"line":128,"column":29}},"85":{"start":{"line":133,"column":16},"end":{"line":133,"column":84}},"86":{"start":{"line":137,"column":12},"end":{"line":137,"column":28}},"87":{"start":{"line":138,"column":12},"end":{"line":140,"column":15}},"88":{"start":{"line":139,"column":16},"end":{"line":139,"column":47}},"89":{"start":{"line":142,"column":8},"end":{"line":142,"column":20}},"90":{"start":{"line":144,"column":4},"end":{"line":144,"column":16}},"91":{"start":{"line":146,"column":0},"end":{"line":146,"column":28}}},"branchMap":{"1":{"line":24,"type":"if","locations":[{"start":{"line":24,"column":16},"end":{"line":24,"column":16}},{"start":{"line":24,"column":16},"end":{"line":24,"column":16}}]},"2":{"line":41,"type":"if","locations":[{"start":{"line":41,"column":8},"end":{"line":41,"column":8}},{"start":{"line":41,"column":8},"end":{"line":41,"column":8}}]},"3":{"line":41,"type":"binary-expr","locations":[{"start":{"line":41,"column":12},"end":{"line":41,"column":31}},{"start":{"line":41,"column":35},"end":{"line":41,"column":62}}]},"4":{"line":50,"type":"if","locations":[{"start":{"line":50,"column":8},"end":{"line":50,"column":8}},{"start":{"line":50,"column":8},"end":{"line":50,"column":8}}]},"5":{"line":53,"type":"if","locations":[{"start":{"line":53,"column":16},"end":{"line":53,"column":16}},{"start":{"line":53,"column":16},"end":{"line":53,"column":16}}]},"6":{"line":101,"type":"if","locations":[{"start":{"line":101,"column":8},"end":{"line":101,"column":8}},{"start":{"line":101,"column":8},"end":{"line":101,"column":8}}]},"7":{"line":112,"type":"if","locations":[{"start":{"line":112,"column":8},"end":{"line":112,"column":8}},{"start":{"line":112,"column":8},"end":{"line":112,"column":8}}]},"8":{"line":123,"type":"if","locations":[{"start":{"line":123,"column":8},"end":{"line":123,"column":8}},{"start":{"line":123,"column":8},"end":{"line":123,"column":8}}]},"9":{"line":123,"type":"binary-expr","locations":[{"start":{"line":123,"column":12},"end":{"line":123,"column":23}},{"start":{"line":123,"column":27},"end":{"line":123,"column":61}}]},"10":{"line":124,"type":"if","locations":[{"start":{"line":124,"column":12},"end":{"line":124,"column":12}},{"start":{"line":124,"column":12},"end":{"line":124,"column":12}}]},"11":{"line":127,"type":"if","locations":[{"start":{"line":127,"column":20},"end":{"line":127,"column":20}},{"start":{"line":127,"column":20},"end":{"line":127,"column":20}}]}}},"C:\\wamp\\www\\trapjs\\src\\protocols\\list\\Local.js":{"path":"C:\\wamp\\www\\trapjs\\src\\protocols\\list\\Local.js","s":{"1":1,"2":1,"3":0,"4":0,"5":1,"6":1,"7":1,"8":1,"9":1,"10":1,"11":1,"12":1,"13":1,"14":1,"15":1,"16":1,"17":1,"18":1,"19":1,"20":1,"21":1,"22":1,"23":1,"24":1,"25":1,"26":0,"27":1,"28":0,"29":0,"30":0,"31":0,"32":0,"33":0,"34":0,"35":0,"36":0,"37":0,"38":0,"39":0,"40":0,"41":0,"42":0,"43":0,"44":0,"45":0,"46":0,"47":0,"48":0,"49":0,"50":0,"51":0,"52":0,"53":0,"54":0,"55":0,"56":0,"57":0,"58":0,"59":0,"60":1,"61":0,"62":1,"63":0,"64":1,"65":0,"66":0,"67":0,"68":0,"69":0,"70":0,"71":0,"72":0,"73":0,"74":0,"75":0,"76":0,"77":0,"78":0,"79":0,"80":0,"81":0,"82":0,"83":1,"84":0,"85":0,"86":0,"87":0,"88":1,"89":0,"90":0,"91":0,"92":0,"93":0,"94":1,"95":0,"96":0,"97":0,"98":0,"99":0,"100":0,"101":0,"102":0,"103":1,"104":0,"105":0,"106":0,"107":0,"108":0,"109":0,"110":1,"111":0,"112":0,"113":0,"114":0,"115":0,"116":0,"117":1,"118":0,"119":0,"120":0,"121":0,"122":0,"123":0,"124":0,"125":0,"126":1,"127":0,"128":0,"129":0,"130":0,"131":0,"132":0,"133":0,"134":0,"135":1,"136":0,"137":0,"138":0,"139":0,"140":0,"141":0,"142":0,"143":0,"144":1,"145":0,"146":0,"147":0,"148":0,"149":0,"150":0,"151":0,"152":0,"153":0,"154":0,"155":0,"156":1,"157":0,"158":0,"159":0,"160":0,"161":0,"162":0,"163":0,"164":0,"165":0,"166":0,"167":0,"168":0,"169":0,"170":1,"171":1},"b":{"1":[1,1],"2":[0,0],"3":[0,0],"4":[0,0],"5":[0,0],"6":[0,0],"7":[0,0],"8":[0,0],"9":[0,0],"10":[0,0,0],"11":[0,0],"12":[0,0],"13":[0,0],"14":[0,0],"15":[0,0],"16":[0,0],"17":[0,0],"18":[0,0],"19":[0,0],"20":[0,0],"21":[0,0],"22":[0,0],"23":[0,0],"24":[0,0],"25":[0,0],"26":[0,0],"27":[0,0],"28":[0,0],"29":[0,0],"30":[0,0],"31":[0,0],"32":[0,0]},"f":{"1":1,"2":1,"3":1,"4":1,"5":0,"6":0,"7":0,"8":0,"9":0,"10":0,"11":0,"12":0,"13":0,"14":0,"15":0,"16":0,"17":0,"18":0,"19":0},"fnMap":{"1":{"name":"(anonymous_1)","line":2,"loc":{"start":{"line":2,"column":34},"end":{"line":2,"column":50}}},"2":{"name":"__","line":4,"loc":{"start":{"line":4,"column":4},"end":{"line":4,"column":18}}},"3":{"name":"(anonymous_3)","line":10,"loc":{"start":{"line":10,"column":13},"end":{"line":10,"column":31}}},"4":{"name":"Local","line":12,"loc":{"start":{"line":12,"column":4},"end":{"line":12,"column":31}}},"5":{"name":"(anonymous_5)","line":25,"loc":{"start":{"line":25,"column":39},"end":{"line":25,"column":60}}},"6":{"name":"(anonymous_6)","line":28,"loc":{"start":{"line":28,"column":34},"end":{"line":28,"column":46}}},"7":{"name":"(anonymous_7)","line":76,"loc":{"start":{"line":76,"column":37},"end":{"line":76,"column":51}}},"8":{"name":"(anonymous_8)","line":79,"loc":{"start":{"line":79,"column":36},"end":{"line":79,"column":50}}},"9":{"name":"(anonymous_9)","line":82,"loc":{"start":{"line":82,"column":33},"end":{"line":82,"column":62}}},"10":{"name":"(anonymous_10)","line":125,"loc":{"start":{"line":125,"column":30},"end":{"line":125,"column":44}}},"11":{"name":"(anonymous_11)","line":132,"loc":{"start":{"line":132,"column":30},"end":{"line":132,"column":50}}},"12":{"name":"(anonymous_12)","line":145,"loc":{"start":{"line":145,"column":34},"end":{"line":145,"column":48}}},"13":{"name":"(anonymous_13)","line":157,"loc":{"start":{"line":157,"column":37},"end":{"line":157,"column":51}}},"14":{"name":"(anonymous_14)","line":166,"loc":{"start":{"line":166,"column":40},"end":{"line":166,"column":54}}},"15":{"name":"(anonymous_15)","line":175,"loc":{"start":{"line":175,"column":31},"end":{"line":175,"column":45}}},"16":{"name":"(anonymous_16)","line":187,"loc":{"start":{"line":187,"column":34},"end":{"line":187,"column":61}}},"17":{"name":"(anonymous_17)","line":204,"loc":{"start":{"line":204,"column":35},"end":{"line":204,"column":68}}},"18":{"name":"(anonymous_18)","line":231,"loc":{"start":{"line":231,"column":32},"end":{"line":231,"column":46}}},"19":{"name":"(anonymous_19)","line":248,"loc":{"start":{"line":248,"column":36},"end":{"line":248,"column":57}}}},"statementMap":{"1":{"start":{"line":2,"column":0},"end":{"line":7,"column":2}},"2":{"start":{"line":3,"column":4},"end":{"line":3,"column":58}},"3":{"start":{"line":3,"column":21},"end":{"line":3,"column":58}},"4":{"start":{"line":3,"column":46},"end":{"line":3,"column":58}},"5":{"start":{"line":4,"column":4},"end":{"line":4,"column":43}},"6":{"start":{"line":4,"column":20},"end":{"line":4,"column":41}},"7":{"start":{"line":5,"column":4},"end":{"line":5,"column":31}},"8":{"start":{"line":6,"column":4},"end":{"line":6,"column":27}},"9":{"start":{"line":8,"column":0},"end":{"line":8,"column":32}},"10":{"start":{"line":9,"column":0},"end":{"line":9,"column":26}},"11":{"start":{"line":10,"column":0},"end":{"line":269,"column":9}},"12":{"start":{"line":11,"column":4},"end":{"line":11,"column":29}},"13":{"start":{"line":12,"column":4},"end":{"line":24,"column":5}},"14":{"start":{"line":13,"column":8},"end":{"line":13,"column":38}},"15":{"start":{"line":14,"column":8},"end":{"line":14,"column":35}},"16":{"start":{"line":15,"column":8},"end":{"line":15,"column":31}},"17":{"start":{"line":16,"column":8},"end":{"line":16,"column":35}},"18":{"start":{"line":17,"column":8},"end":{"line":17,"column":31}},"19":{"start":{"line":18,"column":8},"end":{"line":18,"column":32}},"20":{"start":{"line":19,"column":8},"end":{"line":19,"column":28}},"21":{"start":{"line":20,"column":8},"end":{"line":20,"column":32}},"22":{"start":{"line":21,"column":8},"end":{"line":21,"column":28}},"23":{"start":{"line":22,"column":8},"end":{"line":22,"column":31}},"24":{"start":{"line":23,"column":8},"end":{"line":23,"column":37}},"25":{"start":{"line":25,"column":4},"end":{"line":27,"column":6}},"26":{"start":{"line":26,"column":8},"end":{"line":26,"column":61}},"27":{"start":{"line":28,"column":4},"end":{"line":75,"column":6}},"28":{"start":{"line":29,"column":8},"end":{"line":29,"column":59}},"29":{"start":{"line":30,"column":8},"end":{"line":43,"column":9}},"30":{"start":{"line":31,"column":12},"end":{"line":42,"column":13}},"31":{"start":{"line":32,"column":16},"end":{"line":32,"column":71}},"32":{"start":{"line":33,"column":16},"end":{"line":35,"column":17}},"33":{"start":{"line":34,"column":20},"end":{"line":34,"column":67}},"34":{"start":{"line":36,"column":16},"end":{"line":36,"column":43}},"35":{"start":{"line":37,"column":16},"end":{"line":37,"column":21}},"36":{"start":{"line":38,"column":16},"end":{"line":38,"column":20}},"37":{"start":{"line":41,"column":16},"end":{"line":41,"column":22}},"38":{"start":{"line":44,"column":8},"end":{"line":44,"column":65}},"39":{"start":{"line":45,"column":8},"end":{"line":58,"column":9}},"40":{"start":{"line":46,"column":12},"end":{"line":57,"column":13}},"41":{"start":{"line":47,"column":16},"end":{"line":47,"column":77}},"42":{"start":{"line":48,"column":16},"end":{"line":50,"column":17}},"43":{"start":{"line":49,"column":20},"end":{"line":49,"column":73}},"44":{"start":{"line":51,"column":16},"end":{"line":51,"column":46}},"45":{"start":{"line":52,"column":16},"end":{"line":52,"column":21}},"46":{"start":{"line":53,"column":16},"end":{"line":53,"column":20}},"47":{"start":{"line":56,"column":16},"end":{"line":56,"column":22}},"48":{"start":{"line":59,"column":8},"end":{"line":66,"column":9}},"49":{"start":{"line":60,"column":12},"end":{"line":65,"column":13}},"50":{"start":{"line":61,"column":16},"end":{"line":61,"column":63}},"51":{"start":{"line":62,"column":16},"end":{"line":62,"column":44}},"52":{"start":{"line":63,"column":16},"end":{"line":63,"column":20}},"53":{"start":{"line":64,"column":16},"end":{"line":64,"column":21}},"54":{"start":{"line":67,"column":8},"end":{"line":74,"column":9}},"55":{"start":{"line":68,"column":12},"end":{"line":73,"column":13}},"56":{"start":{"line":69,"column":16},"end":{"line":69,"column":69}},"57":{"start":{"line":70,"column":16},"end":{"line":70,"column":47}},"58":{"start":{"line":71,"column":16},"end":{"line":71,"column":20}},"59":{"start":{"line":72,"column":16},"end":{"line":72,"column":21}},"60":{"start":{"line":76,"column":4},"end":{"line":78,"column":6}},"61":{"start":{"line":77,"column":8},"end":{"line":77,"column":53}},"62":{"start":{"line":79,"column":4},"end":{"line":81,"column":6}},"63":{"start":{"line":80,"column":8},"end":{"line":80,"column":51}},"64":{"start":{"line":82,"column":4},"end":{"line":124,"column":6}},"65":{"start":{"line":83,"column":8},"end":{"line":83,"column":66}},"66":{"start":{"line":84,"column":8},"end":{"line":86,"column":9}},"67":{"start":{"line":85,"column":12},"end":{"line":85,"column":19}},"68":{"start":{"line":87,"column":8},"end":{"line":91,"column":9}},"69":{"start":{"line":88,"column":12},"end":{"line":90,"column":14}},"70":{"start":{"line":92,"column":8},"end":{"line":95,"column":11}},"71":{"start":{"line":96,"column":8},"end":{"line":96,"column":40}},"72":{"start":{"line":97,"column":8},"end":{"line":103,"column":9}},"73":{"start":{"line":98,"column":12},"end":{"line":98,"column":40}},"74":{"start":{"line":99,"column":12},"end":{"line":102,"column":14}},"75":{"start":{"line":104,"column":8},"end":{"line":123,"column":9}},"76":{"start":{"line":105,"column":12},"end":{"line":110,"column":13}},"77":{"start":{"line":106,"column":16},"end":{"line":109,"column":18}},"78":{"start":{"line":111,"column":12},"end":{"line":114,"column":15}},"79":{"start":{"line":115,"column":12},"end":{"line":115,"column":50}},"80":{"start":{"line":116,"column":12},"end":{"line":122,"column":13}},"81":{"start":{"line":117,"column":16},"end":{"line":117,"column":50}},"82":{"start":{"line":118,"column":16},"end":{"line":121,"column":18}},"83":{"start":{"line":125,"column":4},"end":{"line":131,"column":6}},"84":{"start":{"line":126,"column":8},"end":{"line":129,"column":9}},"85":{"start":{"line":127,"column":12},"end":{"line":127,"column":39}},"86":{"start":{"line":128,"column":12},"end":{"line":128,"column":24}},"87":{"start":{"line":130,"column":8},"end":{"line":130,"column":21}},"88":{"start":{"line":132,"column":4},"end":{"line":144,"column":6}},"89":{"start":{"line":133,"column":8},"end":{"line":133,"column":66}},"90":{"start":{"line":134,"column":8},"end":{"line":143,"column":9}},"91":{"start":{"line":135,"column":12},"end":{"line":135,"column":68}},"92":{"start":{"line":138,"column":12},"end":{"line":138,"column":36}},"93":{"start":{"line":139,"column":12},"end":{"line":142,"column":14}},"94":{"start":{"line":145,"column":4},"end":{"line":156,"column":6}},"95":{"start":{"line":146,"column":8},"end":{"line":146,"column":21}},"96":{"start":{"line":147,"column":8},"end":{"line":154,"column":9}},"97":{"start":{"line":148,"column":12},"end":{"line":148,"column":67}},"98":{"start":{"line":149,"column":12},"end":{"line":149,"column":54}},"99":{"start":{"line":150,"column":12},"end":{"line":152,"column":13}},"100":{"start":{"line":151,"column":16},"end":{"line":151,"column":87}},"101":{"start":{"line":153,"column":12},"end":{"line":153,"column":27}},"102":{"start":{"line":155,"column":8},"end":{"line":155,"column":22}},"103":{"start":{"line":157,"column":4},"end":{"line":165,"column":6}},"104":{"start":{"line":158,"column":8},"end":{"line":158,"column":21}},"105":{"start":{"line":159,"column":8},"end":{"line":163,"column":9}},"106":{"start":{"line":160,"column":12},"end":{"line":160,"column":61}},"107":{"start":{"line":161,"column":12},"end":{"line":161,"column":40}},"108":{"start":{"line":162,"column":12},"end":{"line":162,"column":27}},"109":{"start":{"line":164,"column":8},"end":{"line":164,"column":22}},"110":{"start":{"line":166,"column":4},"end":{"line":174,"column":6}},"111":{"start":{"line":167,"column":8},"end":{"line":167,"column":21}},"112":{"start":{"line":168,"column":8},"end":{"line":172,"column":9}},"113":{"start":{"line":169,"column":12},"end":{"line":169,"column":67}},"114":{"start":{"line":170,"column":12},"end":{"line":170,"column":50}},"115":{"start":{"line":171,"column":12},"end":{"line":171,"column":27}},"116":{"start":{"line":173,"column":8},"end":{"line":173,"column":22}},"117":{"start":{"line":175,"column":4},"end":{"line":186,"column":6}},"118":{"start":{"line":176,"column":8},"end":{"line":176,"column":21}},"119":{"start":{"line":177,"column":8},"end":{"line":184,"column":9}},"120":{"start":{"line":178,"column":12},"end":{"line":178,"column":61}},"121":{"start":{"line":179,"column":12},"end":{"line":179,"column":44}},"122":{"start":{"line":180,"column":12},"end":{"line":182,"column":13}},"123":{"start":{"line":181,"column":16},"end":{"line":181,"column":79}},"124":{"start":{"line":183,"column":12},"end":{"line":183,"column":27}},"125":{"start":{"line":185,"column":8},"end":{"line":185,"column":22}},"126":{"start":{"line":187,"column":4},"end":{"line":203,"column":6}},"127":{"start":{"line":188,"column":8},"end":{"line":191,"column":9}},"128":{"start":{"line":189,"column":12},"end":{"line":189,"column":134}},"129":{"start":{"line":190,"column":12},"end":{"line":190,"column":19}},"130":{"start":{"line":192,"column":8},"end":{"line":192,"column":72}},"131":{"start":{"line":193,"column":8},"end":{"line":202,"column":9}},"132":{"start":{"line":194,"column":12},"end":{"line":194,"column":79}},"133":{"start":{"line":197,"column":12},"end":{"line":197,"column":46}},"134":{"start":{"line":198,"column":12},"end":{"line":201,"column":14}},"135":{"start":{"line":204,"column":4},"end":{"line":230,"column":6}},"136":{"start":{"line":207,"column":8},"end":{"line":207,"column":27}},"137":{"start":{"line":208,"column":8},"end":{"line":229,"column":9}},"138":{"start":{"line":209,"column":12},"end":{"line":209,"column":17}},"139":{"start":{"line":211,"column":13},"end":{"line":229,"column":9}},"140":{"start":{"line":212,"column":12},"end":{"line":217,"column":15}},"141":{"start":{"line":219,"column":13},"end":{"line":229,"column":9}},"142":{"start":{"line":220,"column":12},"end":{"line":225,"column":15}},"143":{"start":{"line":228,"column":12},"end":{"line":228,"column":17}},"144":{"start":{"line":231,"column":4},"end":{"line":247,"column":6}},"145":{"start":{"line":232,"column":8},"end":{"line":232,"column":54}},"146":{"start":{"line":233,"column":8},"end":{"line":246,"column":9}},"147":{"start":{"line":234,"column":12},"end":{"line":234,"column":44}},"148":{"start":{"line":235,"column":12},"end":{"line":235,"column":48}},"149":{"start":{"line":236,"column":12},"end":{"line":241,"column":13}},"150":{"start":{"line":237,"column":16},"end":{"line":239,"column":17}},"151":{"start":{"line":238,"column":20},"end":{"line":238,"column":54}},"152":{"start":{"line":240,"column":16},"end":{"line":240,"column":44}},"153":{"start":{"line":242,"column":12},"end":{"line":245,"column":13}},"154":{"start":{"line":243,"column":16},"end":{"line":243,"column":64}},"155":{"start":{"line":244,"column":16},"end":{"line":244,"column":52}},"156":{"start":{"line":248,"column":4},"end":{"line":267,"column":6}},"157":{"start":{"line":249,"column":8},"end":{"line":251,"column":9}},"158":{"start":{"line":250,"column":12},"end":{"line":250,"column":19}},"159":{"start":{"line":252,"column":8},"end":{"line":252,"column":67}},"160":{"start":{"line":253,"column":8},"end":{"line":266,"column":9}},"161":{"start":{"line":254,"column":12},"end":{"line":254,"column":54}},"162":{"start":{"line":255,"column":12},"end":{"line":255,"column":54}},"163":{"start":{"line":256,"column":12},"end":{"line":261,"column":13}},"164":{"start":{"line":257,"column":16},"end":{"line":259,"column":17}},"165":{"start":{"line":258,"column":20},"end":{"line":258,"column":64}},"166":{"start":{"line":260,"column":16},"end":{"line":260,"column":54}},"167":{"start":{"line":262,"column":12},"end":{"line":265,"column":13}},"168":{"start":{"line":263,"column":16},"end":{"line":263,"column":74}},"169":{"start":{"line":264,"column":16},"end":{"line":264,"column":55}},"170":{"start":{"line":268,"column":4},"end":{"line":268,"column":17}},"171":{"start":{"line":270,"column":0},"end":{"line":270,"column":23}}},"branchMap":{"1":{"line":2,"type":"binary-expr","locations":[{"start":{"line":2,"column":16},"end":{"line":2,"column":30}},{"start":{"line":2,"column":34},"end":{"line":7,"column":1}}]},"2":{"line":3,"type":"if","locations":[{"start":{"line":3,"column":21},"end":{"line":3,"column":21}},{"start":{"line":3,"column":21},"end":{"line":3,"column":21}}]},"3":{"line":31,"type":"if","locations":[{"start":{"line":31,"column":12},"end":{"line":31,"column":12}},{"start":{"line":31,"column":12},"end":{"line":31,"column":12}}]},"4":{"line":33,"type":"if","locations":[{"start":{"line":33,"column":16},"end":{"line":33,"column":16}},{"start":{"line":33,"column":16},"end":{"line":33,"column":16}}]},"5":{"line":46,"type":"if","locations":[{"start":{"line":46,"column":12},"end":{"line":46,"column":12}},{"start":{"line":46,"column":12},"end":{"line":46,"column":12}}]},"6":{"line":48,"type":"if","locations":[{"start":{"line":48,"column":16},"end":{"line":48,"column":16}},{"start":{"line":48,"column":16},"end":{"line":48,"column":16}}]},"7":{"line":60,"type":"if","locations":[{"start":{"line":60,"column":12},"end":{"line":60,"column":12}},{"start":{"line":60,"column":12},"end":{"line":60,"column":12}}]},"8":{"line":68,"type":"if","locations":[{"start":{"line":68,"column":12},"end":{"line":68,"column":12}},{"start":{"line":68,"column":12},"end":{"line":68,"column":12}}]},"9":{"line":84,"type":"if","locations":[{"start":{"line":84,"column":8},"end":{"line":84,"column":8}},{"start":{"line":84,"column":8},"end":{"line":84,"column":8}}]},"10":{"line":84,"type":"binary-expr","locations":[{"start":{"line":84,"column":12},"end":{"line":84,"column":38}},{"start":{"line":84,"column":43},"end":{"line":84,"column":66}},{"start":{"line":84,"column":70},"end":{"line":84,"column":102}}]},"11":{"line":87,"type":"if","locations":[{"start":{"line":87,"column":8},"end":{"line":87,"column":8}},{"start":{"line":87,"column":8},"end":{"line":87,"column":8}}]},"12":{"line":97,"type":"if","locations":[{"start":{"line":97,"column":8},"end":{"line":97,"column":8}},{"start":{"line":97,"column":8},"end":{"line":97,"column":8}}]},"13":{"line":104,"type":"if","locations":[{"start":{"line":104,"column":8},"end":{"line":104,"column":8}},{"start":{"line":104,"column":8},"end":{"line":104,"column":8}}]},"14":{"line":105,"type":"if","locations":[{"start":{"line":105,"column":12},"end":{"line":105,"column":12}},{"start":{"line":105,"column":12},"end":{"line":105,"column":12}}]},"15":{"line":116,"type":"if","locations":[{"start":{"line":116,"column":12},"end":{"line":116,"column":12}},{"start":{"line":116,"column":12},"end":{"line":116,"column":12}}]},"16":{"line":126,"type":"if","locations":[{"start":{"line":126,"column":8},"end":{"line":126,"column":8}},{"start":{"line":126,"column":8},"end":{"line":126,"column":8}}]},"17":{"line":133,"type":"cond-expr","locations":[{"start":{"line":133,"column":34},"end":{"line":133,"column":45}},{"start":{"line":133,"column":48},"end":{"line":133,"column":65}}]},"18":{"line":134,"type":"if","locations":[{"start":{"line":134,"column":8},"end":{"line":134,"column":8}},{"start":{"line":134,"column":8},"end":{"line":134,"column":8}}]},"19":{"line":150,"type":"if","locations":[{"start":{"line":150,"column":12},"end":{"line":150,"column":12}},{"start":{"line":150,"column":12},"end":{"line":150,"column":12}}]},"20":{"line":180,"type":"if","locations":[{"start":{"line":180,"column":12},"end":{"line":180,"column":12}},{"start":{"line":180,"column":12},"end":{"line":180,"column":12}}]},"21":{"line":188,"type":"if","locations":[{"start":{"line":188,"column":8},"end":{"line":188,"column":8}},{"start":{"line":188,"column":8},"end":{"line":188,"column":8}}]},"22":{"line":192,"type":"cond-expr","locations":[{"start":{"line":192,"column":35},"end":{"line":192,"column":46}},{"start":{"line":192,"column":50},"end":{"line":192,"column":71}}]},"23":{"line":193,"type":"if","locations":[{"start":{"line":193,"column":8},"end":{"line":193,"column":8}},{"start":{"line":193,"column":8},"end":{"line":193,"column":8}}]},"24":{"line":208,"type":"if","locations":[{"start":{"line":208,"column":8},"end":{"line":208,"column":8}},{"start":{"line":208,"column":8},"end":{"line":208,"column":8}}]},"25":{"line":211,"type":"if","locations":[{"start":{"line":211,"column":13},"end":{"line":211,"column":13}},{"start":{"line":211,"column":13},"end":{"line":211,"column":13}}]},"26":{"line":219,"type":"if","locations":[{"start":{"line":219,"column":13},"end":{"line":219,"column":13}},{"start":{"line":219,"column":13},"end":{"line":219,"column":13}}]},"27":{"line":219,"type":"binary-expr","locations":[{"start":{"line":219,"column":17},"end":{"line":219,"column":40}},{"start":{"line":219,"column":44},"end":{"line":219,"column":76}}]},"28":{"line":233,"type":"if","locations":[{"start":{"line":233,"column":8},"end":{"line":233,"column":8}},{"start":{"line":233,"column":8},"end":{"line":233,"column":8}}]},"29":{"line":236,"type":"if","locations":[{"start":{"line":236,"column":12},"end":{"line":236,"column":12}},{"start":{"line":236,"column":12},"end":{"line":236,"column":12}}]},"30":{"line":249,"type":"if","locations":[{"start":{"line":249,"column":8},"end":{"line":249,"column":8}},{"start":{"line":249,"column":8},"end":{"line":249,"column":8}}]},"31":{"line":253,"type":"if","locations":[{"start":{"line":253,"column":8},"end":{"line":253,"column":8}},{"start":{"line":253,"column":8},"end":{"line":253,"column":8}}]},"32":{"line":256,"type":"if","locations":[{"start":{"line":256,"column":12},"end":{"line":256,"column":12}},{"start":{"line":256,"column":12},"end":{"line":256,"column":12}}]}}},"C:\\wamp\\www\\trapjs\\src\\protocols\\Core.js":{"path":"C:\\wamp\\www\\trapjs\\src\\protocols\\Core.js","s":{"1":1,"2":1,"3":2,"4":2,"5":2,"6":2,"7":2,"8":2,"9":2,"10":2,"11":2,"12":2,"13":1,"14":1,"15":1,"16":1,"17":1,"18":1,"19":0,"20":0,"21":0,"22":0,"23":0,"24":0,"25":0,"26":0,"27":0,"28":0,"29":0,"30":0,"31":0,"32":0,"33":0,"34":1,"35":3,"36":1,"37":1,"38":1,"39":1,"40":1,"41":1},"b":{"1":[2,0],"2":[2,0],"3":[2,0],"4":[2,0],"5":[2,0],"6":[2,0],"7":[2,0],"8":[0,0],"9":[0,0],"10":[0,0],"11":[0,0],"12":[0,0],"13":[0,0],"14":[0,0],"15":[0,0]},"f":{"1":1,"2":2,"3":0,"4":0,"5":0,"6":1,"7":0,"8":3,"9":0,"10":0,"11":0,"12":0},"fnMap":{"1":{"name":"(anonymous_1)","line":2,"loc":{"start":{"line":2,"column":12},"end":{"line":2,"column":24}}},"2":{"name":"Core","line":3,"loc":{"start":{"line":3,"column":4},"end":{"line":3,"column":30}}},"3":{"name":"(anonymous_3)","line":16,"loc":{"start":{"line":16,"column":32},"end":{"line":16,"column":61}}},"4":{"name":"(anonymous_4)","line":18,"loc":{"start":{"line":18,"column":29},"end":{"line":18,"column":43}}},"5":{"name":"(anonymous_5)","line":20,"loc":{"start":{"line":20,"column":29},"end":{"line":20,"column":49}}},"6":{"name":"(anonymous_6)","line":22,"loc":{"start":{"line":22,"column":26},"end":{"line":22,"column":56}}},"7":{"name":"(anonymous_7)","line":25,"loc":{"start":{"line":25,"column":32},"end":{"line":25,"column":54}}},"8":{"name":"(anonymous_8)","line":50,"loc":{"start":{"line":50,"column":29},"end":{"line":50,"column":41}}},"9":{"name":"(anonymous_9)","line":53,"loc":{"start":{"line":53,"column":33},"end":{"line":53,"column":60}}},"10":{"name":"(anonymous_10)","line":55,"loc":{"start":{"line":55,"column":34},"end":{"line":55,"column":67}}},"11":{"name":"(anonymous_11)","line":57,"loc":{"start":{"line":57,"column":31},"end":{"line":57,"column":49}}},"12":{"name":"(anonymous_12)","line":59,"loc":{"start":{"line":59,"column":35},"end":{"line":59,"column":56}}}},"statementMap":{"1":{"start":{"line":2,"column":0},"end":{"line":62,"column":5}},"2":{"start":{"line":3,"column":4},"end":{"line":15,"column":5}},"3":{"start":{"line":4,"column":8},"end":{"line":4,"column":32}},"4":{"start":{"line":5,"column":8},"end":{"line":5,"column":39}},"5":{"start":{"line":6,"column":8},"end":{"line":14,"column":9}},"6":{"start":{"line":7,"column":12},"end":{"line":7,"column":108}},"7":{"start":{"line":8,"column":12},"end":{"line":8,"column":77}},"8":{"start":{"line":9,"column":12},"end":{"line":9,"column":107}},"9":{"start":{"line":10,"column":12},"end":{"line":10,"column":99}},"10":{"start":{"line":11,"column":12},"end":{"line":11,"column":99}},"11":{"start":{"line":12,"column":12},"end":{"line":12,"column":96}},"12":{"start":{"line":13,"column":12},"end":{"line":13,"column":90}},"13":{"start":{"line":16,"column":4},"end":{"line":17,"column":6}},"14":{"start":{"line":18,"column":4},"end":{"line":19,"column":6}},"15":{"start":{"line":20,"column":4},"end":{"line":21,"column":6}},"16":{"start":{"line":22,"column":4},"end":{"line":24,"column":6}},"17":{"start":{"line":23,"column":8},"end":{"line":23,"column":13}},"18":{"start":{"line":25,"column":4},"end":{"line":49,"column":6}},"19":{"start":{"line":26,"column":8},"end":{"line":48,"column":9}},"20":{"start":{"line":27,"column":12},"end":{"line":29,"column":13}},"21":{"start":{"line":28,"column":16},"end":{"line":28,"column":74}},"22":{"start":{"line":30,"column":12},"end":{"line":32,"column":13}},"23":{"start":{"line":31,"column":16},"end":{"line":31,"column":73}},"24":{"start":{"line":33,"column":12},"end":{"line":35,"column":13}},"25":{"start":{"line":34,"column":16},"end":{"line":34,"column":74}},"26":{"start":{"line":36,"column":12},"end":{"line":38,"column":13}},"27":{"start":{"line":37,"column":16},"end":{"line":37,"column":67}},"28":{"start":{"line":39,"column":12},"end":{"line":41,"column":13}},"29":{"start":{"line":40,"column":16},"end":{"line":40,"column":68}},"30":{"start":{"line":42,"column":12},"end":{"line":44,"column":13}},"31":{"start":{"line":43,"column":16},"end":{"line":43,"column":66}},"32":{"start":{"line":45,"column":12},"end":{"line":47,"column":13}},"33":{"start":{"line":46,"column":16},"end":{"line":46,"column":61}},"34":{"start":{"line":50,"column":4},"end":{"line":52,"column":6}},"35":{"start":{"line":51,"column":8},"end":{"line":51,"column":34}},"36":{"start":{"line":53,"column":4},"end":{"line":54,"column":6}},"37":{"start":{"line":55,"column":4},"end":{"line":56,"column":6}},"38":{"start":{"line":57,"column":4},"end":{"line":58,"column":6}},"39":{"start":{"line":59,"column":4},"end":{"line":60,"column":6}},"40":{"start":{"line":61,"column":4},"end":{"line":61,"column":16}},"41":{"start":{"line":63,"column":0},"end":{"line":63,"column":22}}},"branchMap":{"1":{"line":6,"type":"if","locations":[{"start":{"line":6,"column":8},"end":{"line":6,"column":8}},{"start":{"line":6,"column":8},"end":{"line":6,"column":8}}]},"2":{"line":7,"type":"cond-expr","locations":[{"start":{"line":7,"column":67},"end":{"line":7,"column":93}},{"start":{"line":7,"column":96},"end":{"line":7,"column":107}}]},"3":{"line":9,"type":"cond-expr","locations":[{"start":{"line":9,"column":67},"end":{"line":9,"column":93}},{"start":{"line":9,"column":96},"end":{"line":9,"column":106}}]},"4":{"line":10,"type":"cond-expr","locations":[{"start":{"line":10,"column":67},"end":{"line":10,"column":93}},{"start":{"line":10,"column":96},"end":{"line":10,"column":98}}]},"5":{"line":11,"type":"cond-expr","locations":[{"start":{"line":11,"column":61},"end":{"line":11,"column":84}},{"start":{"line":11,"column":87},"end":{"line":11,"column":98}}]},"6":{"line":12,"type":"cond-expr","locations":[{"start":{"line":12,"column":59},"end":{"line":12,"column":81}},{"start":{"line":12,"column":84},"end":{"line":12,"column":95}}]},"7":{"line":13,"type":"cond-expr","locations":[{"start":{"line":13,"column":61},"end":{"line":13,"column":84}},{"start":{"line":13,"column":87},"end":{"line":13,"column":89}}]},"8":{"line":26,"type":"if","locations":[{"start":{"line":26,"column":8},"end":{"line":26,"column":8}},{"start":{"line":26,"column":8},"end":{"line":26,"column":8}}]},"9":{"line":27,"type":"if","locations":[{"start":{"line":27,"column":12},"end":{"line":27,"column":12}},{"start":{"line":27,"column":12},"end":{"line":27,"column":12}}]},"10":{"line":30,"type":"if","locations":[{"start":{"line":30,"column":12},"end":{"line":30,"column":12}},{"start":{"line":30,"column":12},"end":{"line":30,"column":12}}]},"11":{"line":33,"type":"if","locations":[{"start":{"line":33,"column":12},"end":{"line":33,"column":12}},{"start":{"line":33,"column":12},"end":{"line":33,"column":12}}]},"12":{"line":36,"type":"if","locations":[{"start":{"line":36,"column":12},"end":{"line":36,"column":12}},{"start":{"line":36,"column":12},"end":{"line":36,"column":12}}]},"13":{"line":39,"type":"if","locations":[{"start":{"line":39,"column":12},"end":{"line":39,"column":12}},{"start":{"line":39,"column":12},"end":{"line":39,"column":12}}]},"14":{"line":42,"type":"if","locations":[{"start":{"line":42,"column":12},"end":{"line":42,"column":12}},{"start":{"line":42,"column":12},"end":{"line":42,"column":12}}]},"15":{"line":45,"type":"if","locations":[{"start":{"line":45,"column":12},"end":{"line":45,"column":12}},{"start":{"line":45,"column":12},"end":{"line":45,"column":12}}]}}},"C:\\wamp\\www\\trapjs\\src\\protocols\\list\\Redis.js":{"path":"C:\\wamp\\www\\trapjs\\src\\protocols\\list\\Redis.js","s":{"1":1,"2":1,"3":0,"4":0,"5":1,"6":1,"7":1,"8":1,"9":1,"10":1,"11":1,"12":1,"13":1,"14":1,"15":1,"16":1,"17":0,"18":1,"19":0,"20":0,"21":0,"22":0,"23":0,"24":0,"25":1,"26":1,"27":1,"28":1,"29":1,"30":1},"b":{"1":[1,1],"2":[0,0],"3":[0,0],"4":[0,0],"5":[0,0],"6":[0,0],"7":[0,0],"8":[0,0],"9":[0,0],"10":[0,0],"11":[0,0],"12":[0,0]},"f":{"1":1,"2":1,"3":1,"4":1,"5":0,"6":0,"7":0,"8":0,"9":0,"10":0,"11":0,"12":0},"fnMap":{"1":{"name":"(anonymous_1)","line":2,"loc":{"start":{"line":2,"column":34},"end":{"line":2,"column":50}}},"2":{"name":"__","line":4,"loc":{"start":{"line":4,"column":4},"end":{"line":4,"column":18}}},"3":{"name":"(anonymous_3)","line":10,"loc":{"start":{"line":10,"column":13},"end":{"line":10,"column":31}}},"4":{"name":"Redis","line":12,"loc":{"start":{"line":12,"column":4},"end":{"line":12,"column":31}}},"5":{"name":"(anonymous_5)","line":16,"loc":{"start":{"line":16,"column":30},"end":{"line":16,"column":44}}},"6":{"name":"(anonymous_6)","line":19,"loc":{"start":{"line":19,"column":27},"end":{"line":19,"column":54}}},"7":{"name":"(anonymous_7)","line":28,"loc":{"start":{"line":28,"column":36},"end":{"line":28,"column":48}}},"8":{"name":"(anonymous_8)","line":31,"loc":{"start":{"line":31,"column":34},"end":{"line":31,"column":49}}},"9":{"name":"(anonymous_9)","line":35,"loc":{"start":{"line":35,"column":34},"end":{"line":35,"column":48}}},"10":{"name":"(anonymous_10)","line":37,"loc":{"start":{"line":37,"column":37},"end":{"line":37,"column":51}}},"11":{"name":"(anonymous_11)","line":39,"loc":{"start":{"line":39,"column":40},"end":{"line":39,"column":54}}},"12":{"name":"(anonymous_12)","line":41,"loc":{"start":{"line":41,"column":31},"end":{"line":41,"column":45}}}},"statementMap":{"1":{"start":{"line":2,"column":0},"end":{"line":7,"column":2}},"2":{"start":{"line":3,"column":4},"end":{"line":3,"column":58}},"3":{"start":{"line":3,"column":21},"end":{"line":3,"column":58}},"4":{"start":{"line":3,"column":46},"end":{"line":3,"column":58}},"5":{"start":{"line":4,"column":4},"end":{"line":4,"column":43}},"6":{"start":{"line":4,"column":20},"end":{"line":4,"column":41}},"7":{"start":{"line":5,"column":4},"end":{"line":5,"column":31}},"8":{"start":{"line":6,"column":4},"end":{"line":6,"column":27}},"9":{"start":{"line":8,"column":0},"end":{"line":8,"column":32}},"10":{"start":{"line":9,"column":0},"end":{"line":9,"column":33}},"11":{"start":{"line":10,"column":0},"end":{"line":44,"column":9}},"12":{"start":{"line":11,"column":4},"end":{"line":11,"column":29}},"13":{"start":{"line":12,"column":4},"end":{"line":15,"column":5}},"14":{"start":{"line":13,"column":8},"end":{"line":13,"column":38}},"15":{"start":{"line":14,"column":8},"end":{"line":14,"column":37}},"16":{"start":{"line":16,"column":4},"end":{"line":18,"column":6}},"17":{"start":{"line":17,"column":8},"end":{"line":17,"column":21}},"18":{"start":{"line":19,"column":4},"end":{"line":34,"column":6}},"19":{"start":{"line":20,"column":8},"end":{"line":20,"column":84}},"20":{"start":{"line":21,"column":8},"end":{"line":27,"column":11}},"21":{"start":{"line":28,"column":8},"end":{"line":30,"column":11}},"22":{"start":{"line":29,"column":12},"end":{"line":29,"column":17}},"23":{"start":{"line":31,"column":8},"end":{"line":33,"column":11}},"24":{"start":{"line":32,"column":12},"end":{"line":32,"column":58}},"25":{"start":{"line":35,"column":4},"end":{"line":36,"column":6}},"26":{"start":{"line":37,"column":4},"end":{"line":38,"column":6}},"27":{"start":{"line":39,"column":4},"end":{"line":40,"column":6}},"28":{"start":{"line":41,"column":4},"end":{"line":42,"column":6}},"29":{"start":{"line":43,"column":4},"end":{"line":43,"column":17}},"30":{"start":{"line":45,"column":0},"end":{"line":45,"column":23}}},"branchMap":{"1":{"line":2,"type":"binary-expr","locations":[{"start":{"line":2,"column":16},"end":{"line":2,"column":30}},{"start":{"line":2,"column":34},"end":{"line":7,"column":1}}]},"2":{"line":3,"type":"if","locations":[{"start":{"line":3,"column":21},"end":{"line":3,"column":21}},{"start":{"line":3,"column":21},"end":{"line":3,"column":21}}]},"3":{"line":22,"type":"cond-expr","locations":[{"start":{"line":22,"column":54},"end":{"line":22,"column":70}},{"start":{"line":22,"column":73},"end":{"line":22,"column":77}}]},"4":{"line":22,"type":"binary-expr","locations":[{"start":{"line":22,"column":19},"end":{"line":22,"column":30}},{"start":{"line":22,"column":34},"end":{"line":22,"column":50}}]},"5":{"line":23,"type":"cond-expr","locations":[{"start":{"line":23,"column":54},"end":{"line":23,"column":70}},{"start":{"line":23,"column":73},"end":{"line":23,"column":84}}]},"6":{"line":23,"type":"binary-expr","locations":[{"start":{"line":23,"column":19},"end":{"line":23,"column":30}},{"start":{"line":23,"column":34},"end":{"line":23,"column":50}}]},"7":{"line":24,"type":"cond-expr","locations":[{"start":{"line":24,"column":58},"end":{"line":24,"column":76}},{"start":{"line":24,"column":79},"end":{"line":24,"column":80}}]},"8":{"line":24,"type":"binary-expr","locations":[{"start":{"line":24,"column":21},"end":{"line":24,"column":32}},{"start":{"line":24,"column":36},"end":{"line":24,"column":54}}]},"9":{"line":25,"type":"cond-expr","locations":[{"start":{"line":25,"column":62},"end":{"line":25,"column":82}},{"start":{"line":25,"column":85},"end":{"line":25,"column":87}}]},"10":{"line":25,"type":"binary-expr","locations":[{"start":{"line":25,"column":23},"end":{"line":25,"column":34}},{"start":{"line":25,"column":38},"end":{"line":25,"column":58}}]},"11":{"line":26,"type":"cond-expr","locations":[{"start":{"line":26,"column":56},"end":{"line":26,"column":76}},{"start":{"line":26,"column":79},"end":{"line":26,"column":80}}]},"12":{"line":26,"type":"binary-expr","locations":[{"start":{"line":26,"column":17},"end":{"line":26,"column":28}},{"start":{"line":26,"column":32},"end":{"line":26,"column":52}}]}}}}