TN:
SF:C:\wamp\www\trapjs\src\Trap.js
FN:4,(anonymous_1)
FN:5,Trap
FN:19,(anonymous_3)
FN:20,(anonymous_4)
FN:21,(anonymous_5)
FN:22,(anonymous_6)
FN:31,(anonymous_7)
FN:37,(anonymous_8)
FN:45,(anonymous_9)
FN:49,(anonymous_10)
FN:63,(anonymous_11)
FN:67,(anonymous_12)
FN:71,(anonymous_13)
FN:75,(anonymous_14)
FN:79,(anonymous_15)
FN:83,(anonymous_16)
FN:86,(anonymous_17)
FN:90,(anonymous_18)
FN:92,(anonymous_19)
FN:96,(anonymous_20)
FN:100,(anonymous_21)
FN:111,(anonymous_22)
FN:122,(anonymous_23)
FN:126,(anonymous_24)
FN:138,(anonymous_25)
FNF:25
FNH:10
FNDA:1,(anonymous_1)
FNDA:1,Trap
FNDA:1,(anonymous_3)
FNDA:6,(anonymous_4)
FNDA:6,(anonymous_5)
FNDA:2,(anonymous_6)
FNDA:1,(anonymous_7)
FNDA:2,(anonymous_8)
FNDA:0,(anonymous_9)
FNDA:0,(anonymous_10)
FNDA:0,(anonymous_11)
FNDA:0,(anonymous_12)
FNDA:0,(anonymous_13)
FNDA:0,(anonymous_14)
FNDA:0,(anonymous_15)
FNDA:0,(anonymous_16)
FNDA:0,(anonymous_17)
FNDA:0,(anonymous_18)
FNDA:0,(anonymous_19)
FNDA:0,(anonymous_20)
FNDA:0,(anonymous_21)
FNDA:0,(anonymous_22)
FNDA:1,(anonymous_23)
FNDA:1,(anonymous_24)
FNDA:0,(anonymous_25)
DA:2,1
DA:3,1
DA:4,1
DA:5,1
DA:6,1
DA:15,1
DA:16,1
DA:17,1
DA:18,1
DA:19,1
DA:20,6
DA:21,6
DA:23,2
DA:24,2
DA:25,1
DA:26,1
DA:31,1
DA:32,1
DA:33,0
DA:34,0
DA:37,1
DA:39,2
DA:40,2
DA:41,2
DA:42,1
DA:45,1
DA:46,0
DA:47,0
DA:49,1
DA:50,0
DA:51,0
DA:52,0
DA:53,0
DA:54,0
DA:57,0
DA:60,0
DA:63,1
DA:64,0
DA:65,0
DA:67,1
DA:68,0
DA:69,0
DA:71,1
DA:72,0
DA:73,0
DA:75,1
DA:76,0
DA:77,0
DA:79,1
DA:80,0
DA:81,0
DA:83,1
DA:84,0
DA:86,1
DA:87,0
DA:88,0
DA:90,1
DA:92,1
DA:93,0
DA:94,0
DA:96,1
DA:97,0
DA:98,0
DA:100,1
DA:101,0
DA:102,0
DA:103,0
DA:107,0
DA:109,0
DA:111,1
DA:112,0
DA:113,0
DA:114,0
DA:118,0
DA:120,0
DA:122,1
DA:123,1
DA:124,1
DA:125,1
DA:126,1
DA:127,1
DA:128,0
DA:133,0
DA:137,0
DA:138,0
DA:139,0
DA:142,1
DA:144,1
DA:146,1
LF:89
LH:46
BRDA:24,1,0,1
BRDA:24,1,1,1
BRDA:41,2,0,1
BRDA:41,2,1,1
BRDA:41,3,0,2
BRDA:41,3,1,1
BRDA:50,4,0,0
BRDA:50,4,1,0
BRDA:53,5,0,0
BRDA:53,5,1,0
BRDA:101,6,0,0
BRDA:101,6,1,0
BRDA:112,7,0,0
BRDA:112,7,1,0
BRDA:123,8,0,1
BRDA:123,8,1,0
BRDA:123,9,0,1
BRDA:123,9,1,1
BRDA:124,10,0,1
BRDA:124,10,1,0
BRDA:127,11,0,0
BRDA:127,11,1,1
BRF:22
BRH:11
end_of_record
TN:
SF:C:\wamp\www\trapjs\src\protocols\list\Local.js
FN:2,(anonymous_1)
FN:4,__
FN:10,(anonymous_3)
FN:12,Local
FN:25,(anonymous_5)
FN:28,(anonymous_6)
FN:76,(anonymous_7)
FN:79,(anonymous_8)
FN:82,(anonymous_9)
FN:125,(anonymous_10)
FN:132,(anonymous_11)
FN:145,(anonymous_12)
FN:157,(anonymous_13)
FN:166,(anonymous_14)
FN:175,(anonymous_15)
FN:187,(anonymous_16)
FN:204,(anonymous_17)
FN:231,(anonymous_18)
FN:248,(anonymous_19)
FNF:19
FNH:4
FNDA:1,(anonymous_1)
FNDA:1,__
FNDA:1,(anonymous_3)
FNDA:1,Local
FNDA:0,(anonymous_5)
FNDA:0,(anonymous_6)
FNDA:0,(anonymous_7)
FNDA:0,(anonymous_8)
FNDA:0,(anonymous_9)
FNDA:0,(anonymous_10)
FNDA:0,(anonymous_11)
FNDA:0,(anonymous_12)
FNDA:0,(anonymous_13)
FNDA:0,(anonymous_14)
FNDA:0,(anonymous_15)
FNDA:0,(anonymous_16)
FNDA:0,(anonymous_17)
FNDA:0,(anonymous_18)
FNDA:0,(anonymous_19)
DA:2,1
DA:3,1
DA:4,1
DA:5,1
DA:6,1
DA:8,1
DA:9,1
DA:10,1
DA:11,1
DA:12,1
DA:13,1
DA:14,1
DA:15,1
DA:16,1
DA:17,1
DA:18,1
DA:19,1
DA:20,1
DA:21,1
DA:22,1
DA:23,1
DA:25,1
DA:26,0
DA:28,1
DA:29,0
DA:30,0
DA:31,0
DA:32,0
DA:33,0
DA:34,0
DA:36,0
DA:37,0
DA:38,0
DA:41,0
DA:44,0
DA:45,0
DA:46,0
DA:47,0
DA:48,0
DA:49,0
DA:51,0
DA:52,0
DA:53,0
DA:56,0
DA:59,0
DA:60,0
DA:61,0
DA:62,0
DA:63,0
DA:64,0
DA:67,0
DA:68,0
DA:69,0
DA:70,0
DA:71,0
DA:72,0
DA:76,1
DA:77,0
DA:79,1
DA:80,0
DA:82,1
DA:83,0
DA:84,0
DA:85,0
DA:87,0
DA:88,0
DA:92,0
DA:96,0
DA:97,0
DA:98,0
DA:99,0
DA:104,0
DA:105,0
DA:106,0
DA:111,0
DA:115,0
DA:116,0
DA:117,0
DA:118,0
DA:125,1
DA:126,0
DA:127,0
DA:128,0
DA:130,0
DA:132,1
DA:133,0
DA:134,0
DA:135,0
DA:138,0
DA:139,0
DA:145,1
DA:146,0
DA:147,0
DA:148,0
DA:149,0
DA:150,0
DA:151,0
DA:153,0
DA:155,0
DA:157,1
DA:158,0
DA:159,0
DA:160,0
DA:161,0
DA:162,0
DA:164,0
DA:166,1
DA:167,0
DA:168,0
DA:169,0
DA:170,0
DA:171,0
DA:173,0
DA:175,1
DA:176,0
DA:177,0
DA:178,0
DA:179,0
DA:180,0
DA:181,0
DA:183,0
DA:185,0
DA:187,1
DA:188,0
DA:189,0
DA:190,0
DA:192,0
DA:193,0
DA:194,0
DA:197,0
DA:198,0
DA:204,1
DA:207,0
DA:208,0
DA:209,0
DA:211,0
DA:212,0
DA:219,0
DA:220,0
DA:228,0
DA:231,1
DA:232,0
DA:233,0
DA:234,0
DA:235,0
DA:236,0
DA:237,0
DA:238,0
DA:240,0
DA:242,0
DA:243,0
DA:244,0
DA:248,1
DA:249,0
DA:250,0
DA:252,0
DA:253,0
DA:254,0
DA:255,0
DA:256,0
DA:257,0
DA:258,0
DA:260,0
DA:262,0
DA:263,0
DA:264,0
DA:268,1
DA:270,1
LF:168
LH:38
BRDA:2,1,0,1
BRDA:2,1,1,1
BRDA:3,2,0,0
BRDA:3,2,1,0
BRDA:31,3,0,0
BRDA:31,3,1,0
BRDA:33,4,0,0
BRDA:33,4,1,0
BRDA:46,5,0,0
BRDA:46,5,1,0
BRDA:48,6,0,0
BRDA:48,6,1,0
BRDA:60,7,0,0
BRDA:60,7,1,0
BRDA:68,8,0,0
BRDA:68,8,1,0
BRDA:84,9,0,0
BRDA:84,9,1,0
BRDA:84,10,0,0
BRDA:84,10,1,0
BRDA:84,10,2,0
BRDA:87,11,0,0
BRDA:87,11,1,0
BRDA:97,12,0,0
BRDA:97,12,1,0
BRDA:104,13,0,0
BRDA:104,13,1,0
BRDA:105,14,0,0
BRDA:105,14,1,0
BRDA:116,15,0,0
BRDA:116,15,1,0
BRDA:126,16,0,0
BRDA:126,16,1,0
BRDA:133,17,0,0
BRDA:133,17,1,0
BRDA:134,18,0,0
BRDA:134,18,1,0
BRDA:150,19,0,0
BRDA:150,19,1,0
BRDA:180,20,0,0
BRDA:180,20,1,0
BRDA:188,21,0,0
BRDA:188,21,1,0
BRDA:192,22,0,0
BRDA:192,22,1,0
BRDA:193,23,0,0
BRDA:193,23,1,0
BRDA:208,24,0,0
BRDA:208,24,1,0
BRDA:211,25,0,0
BRDA:211,25,1,0
BRDA:219,26,0,0
BRDA:219,26,1,0
BRDA:219,27,0,0
BRDA:219,27,1,0
BRDA:233,28,0,0
BRDA:233,28,1,0
BRDA:236,29,0,0
BRDA:236,29,1,0
BRDA:249,30,0,0
BRDA:249,30,1,0
BRDA:253,31,0,0
BRDA:253,31,1,0
BRDA:256,32,0,0
BRDA:256,32,1,0
BRF:65
BRH:2
end_of_record
TN:
SF:C:\wamp\www\trapjs\src\protocols\Core.js
FN:2,(anonymous_1)
FN:3,Core
FN:16,(anonymous_3)
FN:18,(anonymous_4)
FN:20,(anonymous_5)
FN:22,(anonymous_6)
FN:25,(anonymous_7)
FN:50,(anonymous_8)
FN:53,(anonymous_9)
FN:55,(anonymous_10)
FN:57,(anonymous_11)
FN:59,(anonymous_12)
FNF:12
FNH:4
FNDA:1,(anonymous_1)
FNDA:2,Core
FNDA:0,(anonymous_3)
FNDA:0,(anonymous_4)
FNDA:0,(anonymous_5)
FNDA:1,(anonymous_6)
FNDA:0,(anonymous_7)
FNDA:3,(anonymous_8)
FNDA:0,(anonymous_9)
FNDA:0,(anonymous_10)
FNDA:0,(anonymous_11)
FNDA:0,(anonymous_12)
DA:2,1
DA:3,1
DA:4,2
DA:5,2
DA:6,2
DA:7,2
DA:8,2
DA:9,2
DA:10,2
DA:11,2
DA:12,2
DA:13,2
DA:16,1
DA:18,1
DA:20,1
DA:22,1
DA:23,1
DA:25,1
DA:26,0
DA:27,0
DA:28,0
DA:30,0
DA:31,0
DA:33,0
DA:34,0
DA:36,0
DA:37,0
DA:39,0
DA:40,0
DA:42,0
DA:43,0
DA:45,0
DA:46,0
DA:50,1
DA:51,3
DA:53,1
DA:55,1
DA:57,1
DA:59,1
DA:61,1
DA:63,1
LF:41
LH:26
BRDA:6,1,0,2
BRDA:6,1,1,0
BRDA:7,2,0,2
BRDA:7,2,1,0
BRDA:9,3,0,2
BRDA:9,3,1,0
BRDA:10,4,0,2
BRDA:10,4,1,0
BRDA:11,5,0,2
BRDA:11,5,1,0
BRDA:12,6,0,2
BRDA:12,6,1,0
BRDA:13,7,0,2
BRDA:13,7,1,0
BRDA:26,8,0,0
BRDA:26,8,1,0
BRDA:27,9,0,0
BRDA:27,9,1,0
BRDA:30,10,0,0
BRDA:30,10,1,0
BRDA:33,11,0,0
BRDA:33,11,1,0
BRDA:36,12,0,0
BRDA:36,12,1,0
BRDA:39,13,0,0
BRDA:39,13,1,0
BRDA:42,14,0,0
BRDA:42,14,1,0
BRDA:45,15,0,0
BRDA:45,15,1,0
BRF:30
BRH:7
end_of_record
TN:
SF:C:\wamp\www\trapjs\src\protocols\list\Redis.js
FN:2,(anonymous_1)
FN:4,__
FN:10,(anonymous_3)
FN:12,Redis
FN:16,(anonymous_5)
FN:19,(anonymous_6)
FN:28,(anonymous_7)
FN:31,(anonymous_8)
FN:35,(anonymous_9)
FN:37,(anonymous_10)
FN:39,(anonymous_11)
FN:41,(anonymous_12)
FNF:12
FNH:4
FNDA:1,(anonymous_1)
FNDA:1,__
FNDA:1,(anonymous_3)
FNDA:1,Redis
FNDA:0,(anonymous_5)
FNDA:0,(anonymous_6)
FNDA:0,(anonymous_7)
FNDA:0,(anonymous_8)
FNDA:0,(anonymous_9)
FNDA:0,(anonymous_10)
FNDA:0,(anonymous_11)
FNDA:0,(anonymous_12)
DA:2,1
DA:3,1
DA:4,1
DA:5,1
DA:6,1
DA:8,1
DA:9,1
DA:10,1
DA:11,1
DA:12,1
DA:13,1
DA:14,1
DA:16,1
DA:17,0
DA:19,1
DA:20,0
DA:21,0
DA:28,0
DA:29,0
DA:31,0
DA:32,0
DA:35,1
DA:37,1
DA:39,1
DA:41,1
DA:43,1
DA:45,1
LF:27
LH:20
BRDA:2,1,0,1
BRDA:2,1,1,1
BRDA:3,2,0,0
BRDA:3,2,1,0
BRDA:22,3,0,0
BRDA:22,3,1,0
BRDA:22,4,0,0
BRDA:22,4,1,0
BRDA:23,5,0,0
BRDA:23,5,1,0
BRDA:23,6,0,0
BRDA:23,6,1,0
BRDA:24,7,0,0
BRDA:24,7,1,0
BRDA:24,8,0,0
BRDA:24,8,1,0
BRDA:25,9,0,0
BRDA:25,9,1,0
BRDA:25,10,0,0
BRDA:25,10,1,0
BRDA:26,11,0,0
BRDA:26,11,1,0
BRDA:26,12,0,0
BRDA:26,12,1,0
BRF:24
BRH:2
end_of_record
